<?xml version="1.0" encoding="UTF-8"?>
<testng-results total="1" passed="1" failed="0" skipped="0">
  <reporter-output>
  </reporter-output>
  <suite started-at="2019-12-02T11:24:27Z" name="JSONSuite" finished-at="2019-12-02T11:25:50Z" duration-ms="83096">
    <groups>
    </groups>
    <test started-at="2019-12-02T11:24:27Z" name="TestJSON" finished-at="2019-12-02T11:25:50Z" duration-ms="83096">
      <class name="testcases.JSONSample1">
        <test-method signature="testAut()[pri:0, instance:testcases.JSONSample1@43301423]" started-at="2019-12-02T16:54:27Z" name="testAut" finished-at="2019-12-02T16:55:46Z" duration-ms="79483" status="PASS">
          <reporter-output>
          </reporter-output>
        </test-method> <!-- testAut -->
        <test-method is-config="true" signature="afterTest()[pri:0, instance:testcases.JSONSample1@43301423]" started-at="2019-12-02T16:55:46Z" name="afterTest" finished-at="2019-12-02T16:55:50Z" duration-ms="3590" status="PASS">
          <reporter-output>
          </reporter-output>
        </test-method> <!-- afterTest -->
      </class> <!-- testcases.JSONSample1 -->
    </test> <!-- TestJSON -->
  </suite> <!-- JSONSuite -->
</testng-results>
