<?xml version="1.0" encoding="UTF-8"?>
<testng-results total="1" passed="1" failed="0" skipped="0">
  <reporter-output>
  </reporter-output>
  <suite started-at="2019-12-02T08:30:10Z" name="JSONSuite" finished-at="2019-12-02T08:32:00Z" duration-ms="110764">
    <groups>
    </groups>
    <test started-at="2019-12-02T08:30:10Z" name="TestJSON" finished-at="2019-12-02T08:32:00Z" duration-ms="110764">
      <class name="testcases.JSONSample1">
        <test-method signature="testAut()[pri:0, instance:testcases.JSONSample1@43301423]" started-at="2019-12-02T14:00:10Z" name="testAut" finished-at="2019-12-02T14:01:57Z" duration-ms="107148" status="PASS">
          <reporter-output>
          </reporter-output>
        </test-method> <!-- testAut -->
        <test-method is-config="true" signature="afterTest()[pri:0, instance:testcases.JSONSample1@43301423]" started-at="2019-12-02T14:01:57Z" name="afterTest" finished-at="2019-12-02T14:02:00Z" duration-ms="3587" status="PASS">
          <reporter-output>
          </reporter-output>
        </test-method> <!-- afterTest -->
      </class> <!-- testcases.JSONSample1 -->
    </test> <!-- TestJSON -->
  </suite> <!-- JSONSuite -->
</testng-results>
